<?xml version="1.0" encoding="UTF-8"?>
<coverage generated="1786776330144" clover="3.2.0">
  <project timestamp="1786776330144" name="All files">
    <metrics statements="13" coveredstatements="13" conditionals="3" coveredconditionals="3" methods="7" coveredmethods="7" elements="23" coveredelements="23" complexity="0" loc="13" ncloc="13" packages="1" files="2" classes="2"/>
    <file name="useDebounce.jsx" path="D:\0. Portofolio\0. Portofolio 2026\pokedex-react\src\hooks\useDebounce.jsx">
      <metrics statements="6" coveredstatements="6" conditionals="1" coveredconditionals="1" methods="4" coveredmethods="4"/>
      <line num="3" count="1" type="cond" truecount="1" falsecount="0"/>
      <line num="4" count="6" type="stmt"/>
      <line num="6" count="6" type="stmt"/>
      <line num="7" count="5" type="stmt"/>
      <line num="9" count="5" type="stmt"/>
      <line num="12" count="6" type="stmt"/>
    </file>
    <file name="useLocalStorage.jsx" path="D:\0. Portofolio\0. Portofolio 2026\pokedex-react\src\hooks\useLocalStorage.jsx">
      <metrics statements="7" coveredstatements="7" conditionals="2" coveredconditionals="2" methods="3" coveredmethods="3"/>
      <line num="3" count="1" type="stmt"/>
      <line num="4" count="6" type="stmt"/>
      <line num="5" count="4" type="stmt"/>
      <line num="6" count="4" type="cond" truecount="2" falsecount="0"/>
      <line num="9" count="6" type="stmt"/>
      <line num="10" count="6" type="stmt"/>
      <line num="13" count="6" type="stmt"/>
    </file>
  </project>
</coverage>
