{"D:\\0. Portofolio\\0. Portofolio 2026\\pokedex-react\\src\\hooks\\useDebounce.jsx": {"path":"D:\\0. Portofolio\\0. Portofolio 2026\\pokedex-react\\src\\hooks\\useDebounce.jsx","statementMap":{"0":{"start":{"line":3,"column":6},"end":{"line":13,"column":null}},"1":{"start":{"line":4,"column":35},"end":{"line":4,"column":null}},"2":{"start":{"line":6,"column":1},"end":{"line":10,"column":null}},"3":{"start":{"line":7,"column":16},"end":{"line":7,"column":null}},"4":{"start":{"line":7,"column":33},"end":{"line":7,"column":59}},"5":{"start":{"line":9,"column":2},"end":{"line":9,"column":null}},"6":{"start":{"line":9,"column":15},"end":{"line":9,"column":null}},"7":{"start":{"line":12,"column":1},"end":{"line":12,"column":null}}},"fnMap":{"0":{"name":"(anonymous_0)","decl":{"start":{"line":3,"column":6},"end":{"line":3,"column":21}},"loc":{"start":{"line":3,"column":49},"end":{"line":13,"column":null}},"line":3},"1":{"name":"(anonymous_1)","decl":{"start":{"line":6,"column":1},"end":{"line":6,"column":17}},"loc":{"start":{"line":6,"column":17},"end":{"line":10,"column":4}},"line":6},"2":{"name":"(anonymous_2)","decl":{"start":{"line":7,"column":16},"end":{"line":7,"column":33}},"loc":{"start":{"line":7,"column":33},"end":{"line":7,"column":59}},"line":7},"3":{"name":"(anonymous_3)","decl":{"start":{"line":9,"column":2},"end":{"line":9,"column":15}},"loc":{"start":{"line":9,"column":15},"end":{"line":9,"column":null}},"line":9}},"branchMap":{"0":{"loc":{"start":{"line":3,"column":33},"end":{"line":3,"column":49}},"type":"default-arg","locations":[{"start":{"line":3,"column":41},"end":{"line":3,"column":49}}],"line":3}},"s":{"0":1,"1":6,"2":6,"3":5,"4":1,"5":5,"6":5,"7":6},"f":{"0":6,"1":5,"2":1,"3":5},"b":{"0":[6]},"meta":{"lastBranch":1,"lastFunction":4,"lastStatement":8,"seen":{"s:3:6:13:Infinity":0,"f:3:6:3:21":0,"b:3:41:3:49":0,"s:4:35:4:Infinity":1,"s:6:1:10:Infinity":2,"f:6:1:6:17":1,"s:7:16:7:Infinity":3,"f:7:16:7:33":2,"s:7:33:7:59":4,"s:9:2:9:Infinity":5,"f:9:2:9:15":3,"s:9:15:9:Infinity":6,"s:12:1:12:Infinity":7},"fnNames":{}}}
,"D:\\0. Portofolio\\0. Portofolio 2026\\pokedex-react\\src\\hooks\\useLocalStorage.jsx": {"path":"D:\\0. Portofolio\\0. Portofolio 2026\\pokedex-react\\src\\hooks\\useLocalStorage.jsx","statementMap":{"0":{"start":{"line":3,"column":6},"end":{"line":14,"column":null}},"1":{"start":{"line":4,"column":27},"end":{"line":7,"column":null}},"2":{"start":{"line":5,"column":17},"end":{"line":5,"column":null}},"3":{"start":{"line":6,"column":2},"end":{"line":6,"column":null}},"4":{"start":{"line":9,"column":1},"end":{"line":11,"column":null}},"5":{"start":{"line":10,"column":2},"end":{"line":10,"column":null}},"6":{"start":{"line":13,"column":1},"end":{"line":13,"column":null}}},"fnMap":{"0":{"name":"(anonymous_0)","decl":{"start":{"line":3,"column":6},"end":{"line":3,"column":25}},"loc":{"start":{"line":3,"column":39},"end":{"line":14,"column":null}},"line":3},"1":{"name":"(anonymous_1)","decl":{"start":{"line":4,"column":27},"end":{"line":4,"column":42}},"loc":{"start":{"line":4,"column":42},"end":{"line":7,"column":2}},"line":4},"2":{"name":"(anonymous_2)","decl":{"start":{"line":9,"column":1},"end":{"line":9,"column":17}},"loc":{"start":{"line":9,"column":17},"end":{"line":11,"column":4}},"line":9}},"branchMap":{"0":{"loc":{"start":{"line":6,"column":9},"end":{"line":6,"column":null}},"type":"cond-expr","locations":[{"start":{"line":6,"column":18},"end":{"line":6,"column":39}},{"start":{"line":6,"column":39},"end":{"line":6,"column":null}}],"line":6}},"s":{"0":1,"1":6,"2":4,"3":4,"4":6,"5":6,"6":6},"f":{"0":6,"1":4,"2":6},"b":{"0":[1,3]},"meta":{"lastBranch":1,"lastFunction":3,"lastStatement":7,"seen":{"s:3:6:14:Infinity":0,"f:3:6:3:25":0,"s:4:27:7:Infinity":1,"f:4:27:4:42":1,"s:5:17:5:Infinity":2,"s:6:2:6:Infinity":3,"b:6:18:6:39:6:39:6:Infinity":0,"s:9:1:11:Infinity":4,"f:9:1:9:17":2,"s:10:2:10:Infinity":5,"s:13:1:13:Infinity":6},"fnNames":{}}}
}
